NODELIST=27.122.137.19,34.64.225.90
MASTER_ADDR=
==> Preparing data..
Files already downloaded and verified
==> Making model..
The number of parameters of model is 26970690
/home/slurm-master/.local/lib/python3.8/site-packages/torch/utils/data/dataloader.py:554: UserWarning: This DataLoader will create 4 worker processes in total. Our suggested max number of worker in current system is 2, which is smaller than what this DataLoader is going to create. Please be aware that excessive worker creation might get DataLoader running slow or even freeze, lower the worker number to avoid potential slowness/freeze if necessary.
  warnings.warn(_create_warning_msg(
Epoch: [0/196]| loss: 9.194 | acc: 0.000 | batch time: 8.918s 
Epoch: [20/196]| loss: 2.996 | acc: 12.853 | batch time: 0.943s 
Epoch: [40/196]| loss: 2.545 | acc: 16.873 | batch time: 0.954s 
Epoch: [60/196]| loss: 2.377 | acc: 18.910 | batch time: 0.967s 
Epoch: [80/196]| loss: 2.280 | acc: 20.149 | batch time: 0.974s 
Epoch: [100/196]| loss: 2.212 | acc: 21.291 | batch time: 0.973s 
Epoch: [120/196]| loss: 2.158 | acc: 22.511 | batch time: 1.014s 
Epoch: [140/196]| loss: 2.114 | acc: 23.485 | batch time: 0.984s 
Epoch: [160/196]| loss: 2.076 | acc: 24.500 | batch time: 1.031s 
Epoch: [180/196]| loss: 2.038 | acc: 25.609 | batch time: 0.988s 
Training time 0:03:20.333976
srun: error: timeout waiting for task launch, started 1 of 2 tasks
srun: launch/slurm: launch_p_step_launch: StepId=65.0 aborted before step completely launched.
srun: Job step aborted: Waiting up to 32 seconds for job step to finish.
srun: error: Timed out waiting for job step to complete
