NODELIST=27.122.137.19,34.64.225.90
MASTER_ADDR=
==> Preparing data..
Files already downloaded and verified
==> Making model..
The number of parameters of model is 26970690
/home/slurm-master/.local/lib/python3.8/site-packages/torch/utils/data/dataloader.py:554: UserWarning: This DataLoader will create 4 worker processes in total. Our suggested max number of worker in current system is 2, which is smaller than what this DataLoader is going to create. Please be aware that excessive worker creation might get DataLoader running slow or even freeze, lower the worker number to avoid potential slowness/freeze if necessary.
  warnings.warn(_create_warning_msg(
Traceback (most recent call last):
  File "train.py", line 115, in <module>
    main()
  File "train.py", line 69, in main
    train(net, criterion, optimizer, train_loader, device)
  File "train.py", line 85, in train
    outputs = net(inputs)
  File "/home/slurm-master/.local/lib/python3.8/site-packages/torch/nn/modules/module.py", line 1194, in _call_impl
    return forward_call(*input, **kwargs)
  File "/home/slurm-master/.local/lib/python3.8/site-packages/torch/nn/parallel/data_parallel.py", line 171, in forward
    outputs = self.parallel_apply(replicas, inputs, kwargs)
  File "/home/slurm-master/.local/lib/python3.8/site-packages/torch/nn/parallel/data_parallel.py", line 181, in parallel_apply
    return parallel_apply(replicas, inputs, kwargs, self.device_ids[:len(replicas)])
  File "/home/slurm-master/.local/lib/python3.8/site-packages/torch/nn/parallel/parallel_apply.py", line 89, in parallel_apply
    output.reraise()
  File "/home/slurm-master/.local/lib/python3.8/site-packages/torch/_utils.py", line 543, in reraise
    raise exception
torch.cuda.OutOfMemoryError: Caught OutOfMemoryError in replica 0 on device 0.
Original Traceback (most recent call last):
  File "/home/slurm-master/.local/lib/python3.8/site-packages/torch/nn/parallel/parallel_apply.py", line 64, in _worker
    output = module(*input, **kwargs)
  File "/home/slurm-master/.local/lib/python3.8/site-packages/torch/nn/modules/module.py", line 1194, in _call_impl
    return forward_call(*input, **kwargs)
  File "/home/slurm-master/pytorch-multigpu/data_parallel/model.py", line 106, in forward
    x = self.layer3(x)
  File "/home/slurm-master/.local/lib/python3.8/site-packages/torch/nn/modules/module.py", line 1194, in _call_impl
    return forward_call(*input, **kwargs)
  File "/home/slurm-master/.local/lib/python3.8/site-packages/torch/nn/modules/container.py", line 204, in forward
    input = module(input)
  File "/home/slurm-master/.local/lib/python3.8/site-packages/torch/nn/modules/module.py", line 1194, in _call_impl
    return forward_call(*input, **kwargs)
  File "/home/slurm-master/pytorch-multigpu/data_parallel/model.py", line 44, in forward
    out = self.conv1(out)
  File "/home/slurm-master/.local/lib/python3.8/site-packages/torch/nn/modules/module.py", line 1194, in _call_impl
    return forward_call(*input, **kwargs)
  File "/home/slurm-master/.local/lib/python3.8/site-packages/torch/nn/modules/conv.py", line 463, in forward
    return self._conv_forward(input, self.weight, self.bias)
  File "/home/slurm-master/.local/lib/python3.8/site-packages/torch/nn/modules/conv.py", line 459, in _conv_forward
    return F.conv2d(input, weight, bias, self.stride,
torch.cuda.OutOfMemoryError: CUDA out of memory. Tried to allocate 22.00 MiB (GPU 0; 14.62 GiB total capacity; 13.34 GiB already allocated; 19.94 MiB free; 13.61 GiB reserved in total by PyTorch) If reserved memory is >> allocated memory try setting max_split_size_mb to avoid fragmentation.  See documentation for Memory Management and PYTORCH_CUDA_ALLOC_CONF

srun: error: 27.122.137.19: task 0: Exited with exit code 1
slurmstepd: error: *** JOB 67 ON 27.122.137.19 CANCELLED AT 2023-01-26T07:16:59 ***
