NODELIST=34.64.225.90
MASTER_ADDR=
Use GPU: 1 for training
==> Making model..
The number of parameters of model is 24253410
==> Preparing data..
Files already downloaded and verified
Use GPU: 0 for training
==> Making model..
The number of parameters of model is 24253410
==> Preparing data..
Files already downloaded and verified
Epoch: [0/196]| loss: 2.337 | acc: 9.375 | batch time: 3.680s 
Epoch: [20/196]| loss: 1.985 | acc: 25.632 | batch time: 0.867s 
Epoch: [40/196]| loss: 1.868 | acc: 29.745 | batch time: 0.924s 
Epoch: [60/196]| loss: 1.781 | acc: 33.312 | batch time: 0.930s 
Epoch: [80/196]| loss: 1.718 | acc: 35.561 | batch time: 0.995s 
Epoch: [100/196]| loss: 1.661 | acc: 37.956 | batch time: 1.032s 
Epoch: [120/196]| loss: 1.602 | acc: 40.315 | batch time: 0.972s 
Epoch: [140/196]| loss: 1.554 | acc: 42.265 | batch time: 0.954s 
Epoch: [160/196]| loss: 1.506 | acc: 44.128 | batch time: 0.986s 
Epoch: [180/196]| loss: 1.464 | acc: 45.822 | batch time: 0.992s 
Training time 0:03:20.369365
Epoch: [0/196]| loss: 2.316 | acc: 10.938 | batch time: 3.594s 
Epoch: [20/196]| loss: 1.992 | acc: 24.702 | batch time: 0.888s 
Epoch: [40/196]| loss: 1.852 | acc: 29.840 | batch time: 0.904s 
Epoch: [60/196]| loss: 1.777 | acc: 32.620 | batch time: 0.919s 
Epoch: [80/196]| loss: 1.734 | acc: 34.635 | batch time: 0.974s 
Epoch: [100/196]| loss: 1.678 | acc: 37.237 | batch time: 1.020s 
Epoch: [120/196]| loss: 1.623 | acc: 39.585 | batch time: 0.960s 
Epoch: [140/196]| loss: 1.570 | acc: 41.711 | batch time: 0.942s 
Epoch: [160/196]| loss: 1.521 | acc: 43.507 | batch time: 0.988s 
Epoch: [180/196]| loss: 1.475 | acc: 45.382 | batch time: 0.994s 
Training time 0:03:20.384739
